Build started 2015-11-04 4:53:43 PM.
     1>Project "C:\PROG37198-GameENG\MazeGame\MazeGame\MazeGame.vcxproj" on node 2 (Build target(s)).
     1>ClCompile:
         C:\Program Files (x86)\Microsoft Visual Studio 12.0\VC\bin\CL.exe /c /ZI /nologo /W3 /WX- /Od /Oy- /D SFML_STATIC /D WIN32 /D _DEBUG /D _CONSOLE /D _LIB /D _UNICODE /D UNICODE /Gm /EHsc /RTC1 /MDd /GS /fp:precise /Zc:wchar_t /Zc:forScope /Fo"Debug\\" /Fd"Debug\vc120.pdb" /Gd /TP /analyze- /errorReport:prompt Enemy.cpp Entity.cpp Layer.cpp Level.cpp Map.cpp MazeMain.cpp Player.cpp SpiderEnemy.cpp Tile.cpp TileSet.cpp tinyxml2.cpp
         tinyxml2.cpp
         TileSet.cpp
         Tile.cpp
         SpiderEnemy.cpp
         Player.cpp
         MazeMain.cpp
         Map.cpp
         Level.cpp
         Layer.cpp
     1>c:\prog37198-gameeng\mazegame\mazegame\layer.cpp(44): warning C4244: 'argument' : conversion from 'int' to 'float', possible loss of data
         Entity.cpp
         Enemy.cpp
         Generating Code...
       Link:
         C:\Program Files (x86)\Microsoft Visual Studio 12.0\VC\bin\link.exe /ERRORREPORT:PROMPT /OUT:"C:\PROG37198-GameENG\MazeGame\Debug\MazeGame.exe" /INCREMENTAL /NOLOGO "sfml-graphics-s-d.lib" "sfml-window-s-d.lib" "sfml-system-s-d.lib" winmm.lib opengl32.lib jpeg.lib freetype.lib kernel32.lib user32.lib gdi32.lib winspool.lib comdlg32.lib advapi32.lib shell32.lib ole32.lib oleaut32.lib uuid.lib odbc32.lib odbccp32.lib /MANIFEST /MANIFESTUAC:"level='asInvoker' uiAccess='false'" /manifest:embed /DEBUG /PDB:"C:\PROG37198-GameENG\MazeGame\Debug\MazeGame.pdb" /SUBSYSTEM:CONSOLE /TLBID:1 /DYNAMICBASE /NXCOMPAT /IMPLIB:"C:\PROG37198-GameENG\MazeGame\Debug\MazeGame.lib" /MACHINE:X86 Debug\Enemy.obj
         Debug\Entity.obj
         Debug\Layer.obj
         Debug\Level.obj
         Debug\Map.obj
         Debug\MazeMain.obj
         Debug\Player.obj
         Debug\SpiderEnemy.obj
         Debug\Tile.obj
         Debug\TileSet.obj
         Debug\tinyxml2.obj
         MazeGame.vcxproj -> C:\PROG37198-GameENG\MazeGame\Debug\MazeGame.exe
     1>Done Building Project "C:\PROG37198-GameENG\MazeGame\MazeGame\MazeGame.vcxproj" (Build target(s)).

Build succeeded.

Time Elapsed 00:00:06.63
